Log at : 2022/4/19|09:26:22|GMT+0800

[TypeError: Cannot read properties of undefined (reading 'replace')
	at x.toAbsolutePath (c:\Users\Ptisak\.vscode\extensions\cl.keil-assistant-1.6.2\dist\extension.js:1:8420)
	at I.<anonymous> (c:\Users\Ptisak\.vscode\extensions\cl.keil-assistant-1.6.2\dist\extension.js:1:11269)
	at Generator.next (<anonymous>)
	at c:\Users\Ptisak\.vscode\extensions\cl.keil-assistant-1.6.2\dist\extension.js:1:4542
	at new Promise (<anonymous>)
	at r (c:\Users\Ptisak\.vscode\extensions\cl.keil-assistant-1.6.2\dist\extension.js:1:4287)
	at I.load (c:\Users\Ptisak\.vscode\extensions\cl.keil-assistant-1.6.2\dist\extension.js:1:10382)
	at x.<anonymous> (c:\Users\Ptisak\.vscode\extensions\cl.keil-assistant-1.6.2\dist\extension.js:1:8182)
	at Generator.next (<anonymous>)
	at a (c:\Users\Ptisak\.vscode\extensions\cl.keil-assistant-1.6.2\dist\extension.js:1:4344)
	at runMicrotasks (<anonymous>)
	at processTicksAndRejections (node:internal/process/task_queues:96:5)]
Log at : 2022/4/19|09:26:28|GMT+0800

[TypeError: Cannot read properties of undefined (reading 'replace')
	at x.toAbsolutePath (c:\Users\Ptisak\.vscode\extensions\cl.keil-assistant-1.6.2\dist\extension.js:1:8420)
	at I.<anonymous> (c:\Users\Ptisak\.vscode\extensions\cl.keil-assistant-1.6.2\dist\extension.js:1:11269)
	at Generator.next (<anonymous>)
	at c:\Users\Ptisak\.vscode\extensions\cl.keil-assistant-1.6.2\dist\extension.js:1:4542
	at new Promise (<anonymous>)
	at r (c:\Users\Ptisak\.vscode\extensions\cl.keil-assistant-1.6.2\dist\extension.js:1:4287)
	at I.load (c:\Users\Ptisak\.vscode\extensions\cl.keil-assistant-1.6.2\dist\extension.js:1:10382)
	at x.<anonymous> (c:\Users\Ptisak\.vscode\extensions\cl.keil-assistant-1.6.2\dist\extension.js:1:8182)
	at Generator.next (<anonymous>)
	at a (c:\Users\Ptisak\.vscode\extensions\cl.keil-assistant-1.6.2\dist\extension.js:1:4344)
	at processTicksAndRejections (node:internal/process/task_queues:96:5)]
Log at : 2022/4/19|09:27:18|GMT+0800

[TypeError: Cannot read properties of undefined (reading 'replace')
	at x.toAbsolutePath (c:\Users\Ptisak\.vscode\extensions\cl.keil-assistant-1.6.2\dist\extension.js:1:8420)
	at I.<anonymous> (c:\Users\Ptisak\.vscode\extensions\cl.keil-assistant-1.6.2\dist\extension.js:1:11269)
	at Generator.next (<anonymous>)
	at c:\Users\Ptisak\.vscode\extensions\cl.keil-assistant-1.6.2\dist\extension.js:1:4542
	at new Promise (<anonymous>)
	at r (c:\Users\Ptisak\.vscode\extensions\cl.keil-assistant-1.6.2\dist\extension.js:1:4287)
	at I.load (c:\Users\Ptisak\.vscode\extensions\cl.keil-assistant-1.6.2\dist\extension.js:1:10382)
	at x.<anonymous> (c:\Users\Ptisak\.vscode\extensions\cl.keil-assistant-1.6.2\dist\extension.js:1:8182)
	at Generator.next (<anonymous>)
	at a (c:\Users\Ptisak\.vscode\extensions\cl.keil-assistant-1.6.2\dist\extension.js:1:4344)
	at processTicksAndRejections (node:internal/process/task_queues:96:5)]
Log at : 2022/4/19|09:28:40|GMT+0800

Log at : 2022/4/19|12:28:17|GMT+0800

Log at : 2022/4/19|13:11:56|GMT+0800

Log at : 2022/4/19|13:15:41|GMT+0800

[TypeError: Cannot read properties of undefined (reading 'replace')
	at x.toAbsolutePath (c:\Users\Ptisak\.vscode\extensions\cl.keil-assistant-1.6.2\dist\extension.js:1:8420)
	at I.<anonymous> (c:\Users\Ptisak\.vscode\extensions\cl.keil-assistant-1.6.2\dist\extension.js:1:11269)
	at Generator.next (<anonymous>)
	at c:\Users\Ptisak\.vscode\extensions\cl.keil-assistant-1.6.2\dist\extension.js:1:4542
	at new Promise (<anonymous>)
	at r (c:\Users\Ptisak\.vscode\extensions\cl.keil-assistant-1.6.2\dist\extension.js:1:4287)
	at I.load (c:\Users\Ptisak\.vscode\extensions\cl.keil-assistant-1.6.2\dist\extension.js:1:10382)
	at x.<anonymous> (c:\Users\Ptisak\.vscode\extensions\cl.keil-assistant-1.6.2\dist\extension.js:1:8182)
	at Generator.next (<anonymous>)
	at a (c:\Users\Ptisak\.vscode\extensions\cl.keil-assistant-1.6.2\dist\extension.js:1:4344)
	at processTicksAndRejections (node:internal/process/task_queues:96:5)]
Log at : 2022/4/19|13:18:51|GMT+0800

[TypeError: Cannot read properties of undefined (reading 'replace')
	at x.toAbsolutePath (c:\Users\Ptisak\.vscode\extensions\cl.keil-assistant-1.6.2\dist\extension.js:1:8420)
	at I.<anonymous> (c:\Users\Ptisak\.vscode\extensions\cl.keil-assistant-1.6.2\dist\extension.js:1:11269)
	at Generator.next (<anonymous>)
	at c:\Users\Ptisak\.vscode\extensions\cl.keil-assistant-1.6.2\dist\extension.js:1:4542
	at new Promise (<anonymous>)
	at r (c:\Users\Ptisak\.vscode\extensions\cl.keil-assistant-1.6.2\dist\extension.js:1:4287)
	at I.load (c:\Users\Ptisak\.vscode\extensions\cl.keil-assistant-1.6.2\dist\extension.js:1:10382)
	at x.<anonymous> (c:\Users\Ptisak\.vscode\extensions\cl.keil-assistant-1.6.2\dist\extension.js:1:8182)
	at Generator.next (<anonymous>)
	at a (c:\Users\Ptisak\.vscode\extensions\cl.keil-assistant-1.6.2\dist\extension.js:1:4344)
	at processTicksAndRejections (node:internal/process/task_queues:96:5)]
Log at : 2022/4/19|13:19:52|GMT+0800

Log at : 2022/4/19|13:20:42|GMT+0800

Log at : 2022/4/19|13:32:41|GMT+0800

Log at : 2022/4/19|13:41:50|GMT+0800

Log at : 2022/4/19|14:25:46|GMT+0800

Log at : 2022/4/19|15:32:56|GMT+0800

Log at : 2022/4/19|16:55:25|GMT+0800

Log at : 2022/4/20|13:08:12|GMT+0800

Log at : 2022/4/20|13:25:12|GMT+0800

Log at : 2023/3/11|12:43:24|GMT+0800

Log at : 2023/3/11|12:44:28|GMT+0800

Log at : 2023/3/11|15:33:32|GMT+0800

